0 silly argv {
0 silly argv   _: [ 'run' ],
0 silly argv   prefix: false,
0 silly argv   stream: true,
0 silly argv   scope: '@vm-sight/sight-frontend',
0 silly argv   lernaVersion: '3.22.1',
0 silly argv   '$0': 'node_modules\\lerna\\cli.js',
0 silly argv   script: 'serve'
0 silly argv }
1 notice cli v3.22.1
2 verbose rootPath D:\Projects\globalart\vm-sight
3 notice filter including "@vm-sight/sight-frontend"
4 info filter [ '@vm-sight/sight-frontend' ]
5 info Executing command in 1 package: "yarn run serve"
6 silly npmRunScript.stream [ 'serve', [], '@vm-sight/sight-frontend' ]
7 silly getExecOpts D:\Projects\globalart\vm-sight\packages\sight-frontend undefined
8 error MaxBufferError: stderr maxBuffer exceeded
8 error     at PassThrough.<anonymous> (D:\Projects\globalart\vm-sight\node_modules\get-stream\index.js:41:19)
8 error     at PassThrough.emit (node:events:539:35)
8 error     at addChunk (node:internal/streams/readable:315:12)
8 error     at readableAddChunk (node:internal/streams/readable:285:11)
8 error     at PassThrough.Readable.push (node:internal/streams/readable:228:10)
8 error     at node:internal/streams/transform:192:12
8 error     at PassThrough._transform (node:internal/streams/passthrough:46:3)
8 error     at PassThrough.Transform._write (node:internal/streams/transform:184:23)
8 error     at writeOrBuffer (node:internal/streams/writable:389:12)
